<?xml version="1.0" encoding="UTF-8"?>
<!-- Generated by org.testng.reporters.JUnitReportReporter -->
<testsuite hostname="DESKTOP-7SJHUTU" failures="0" tests="1" name="com.orangehrm.test.APITest" time="5.579" errors="0" timestamp="2025-04-06T11:25:54 IST" skipped="0">
  <testcase classname="com.orangehrm.test.APITest" name="verifyAPITest" time="5.579"/>
</testsuite> <!-- com.orangehrm.test.APITest -->
