<?xml version="1.0" encoding="UTF-8"?>
<!-- Generated by org.testng.reporters.JUnitReportReporter -->
<testsuite hostname="DESKTOP-7SJHUTU" failures="0" tests="1" name="com.orangehrm.test.DummyClass" time="9.811" errors="0" timestamp="2025-04-06T13:56:38 IST" skipped="0">
  <testcase classname="com.orangehrm.test.DummyClass" name="titleMatch" time="9.811"/>
</testsuite> <!-- com.orangehrm.test.DummyClass -->
