<?xml version="1.0" encoding="UTF-8"?>
<!-- Generated by org.testng.reporters.JUnitReportReporter -->
<testsuite hostname="DESKTOP-7SJHUTU" failures="0" tests="1" name="com.orangehrm.test.DBTest" time="4.058" errors="0" timestamp="2025-04-06T11:25:54 IST" skipped="0">
  <testcase classname="com.orangehrm.test.DBTest" name="dbData" time="4.058"/>
</testsuite> <!-- com.orangehrm.test.DBTest -->
